<?xml version="1.0" encoding="UTF-8"?>
<!-- Generated by org.testng.reporters.JUnitReportReporter -->
<testsuite skipped="0" hostname="SVINDK00026" name="restapi_selenium_using_bdd.restapi_selenium_using_bdd.Find_pet_by_ID" tests="1" failures="0" timestamp="22 Jan 2020 09:54:32 GMT" time="0.021" errors="0">
  <testcase name="Find_pet_by_ID" time="0.021" classname="restapi_selenium_using_bdd.restapi_selenium_using_bdd.Find_pet_by_ID"/>
</testsuite> <!-- restapi_selenium_using_bdd.restapi_selenium_using_bdd.Find_pet_by_ID -->
